// 重构日志: 9260d4f4
// 重构日志: 0d4a11b0
// 重构日志: 1e44271a
// 同步 ID: fc9d6e9d @ Sat Jun 27 09:26:49 UTC 2026
// 同步 ID: 273197f4 @ Sun Jun 28 15:15:43 UTC 2026
// 重构日志: 70f1655b
// 同步 ID: 2bc57f88 @ Tue Jun 30 09:44:09 UTC 2026
// 同步 ID: 33970ea6 @ Wed Jul  1 19:14:59 UTC 2026
// 同步 ID: 80b69634 @ Wed Jul  1 23:35:55 UTC 2026
// 同步 ID: 578a2c99 @ Thu Jul  2 11:03:19 UTC 2026
// 重构日志: 11b208ac
// 同步 ID: 5c57d3f0 @ Sun Jul  5 10:24:29 UTC 2026
// 同步 ID: c62ed56b @ Sun Jul  5 21:14:49 UTC 2026
// 重构日志: 1d53bbfc
// 重构日志: 2bd05e37
// 同步 ID: f7e36b93 @ Fri Jul 10 10:51:17 UTC 2026
// 重构日志: c810d6d5
// 重构日志: dcd325c7
// 重构日志: 8605c0cb
// 重构日志: 0d4d02e9
// 重构日志: 01aea275
// 重构日志: 369ac4c6
// 重构日志: 2a61cbf3
// 重构日志: 9d5e2918
// 重构日志: e6eb520e
// 重构日志: 9a216939
// 同步 ID: e423e1ac @ Sat Jul 18 11:58:54 UTC 2026
// 重构日志: 0c89e91c
// 重构日志: ae831e4a
